0 info it worked if it ends with ok
1 verbose cli [ '/usr/bin/node', '/usr/bin/npm', 'run', 'back' ]
2 info using npm@3.10.10
3 info using node@v6.12.3
4 verbose run-script [ 'preback', 'back', 'postback' ]
5 info lifecycle agenda-master@1.0.0~preback: agenda-master@1.0.0
6 silly lifecycle agenda-master@1.0.0~preback: no script for preback, continuing
7 info lifecycle agenda-master@1.0.0~back: agenda-master@1.0.0
8 verbose lifecycle agenda-master@1.0.0~back: unsafe-perm in lifecycle true
9 verbose lifecycle agenda-master@1.0.0~back: PATH: /usr/lib/node_modules/npm/bin/node-gyp-bin:/home/web7371/workspace/agenda-master/node_modules/.bin:/usr/local/sbin:/usr/local/bin:/usr/sbin:/usr/bin:/sbin:/bin:/usr/games:/usr/local/games:/snap/bin:/usr/lib/jvm/java-8-oracle/bin:/usr/lib/jvm/java-8-oracle/db/bin:/usr/lib/jvm/java-8-oracle/jre/bin:/caelum/groovy/bin:/usr/lib/jvm/java-8-oracle/bin:/usr/lib/jvm/java-8-oracle/db/bin:/usr/lib/jvm/java-8-oracle/jre/bin:/caelum/groovy/bin
10 verbose lifecycle agenda-master@1.0.0~back: CWD: /home/web7371/workspace/agenda-master
11 silly lifecycle agenda-master@1.0.0~back: Args: [ '-c', 'json-server --watch db.json --port 3001' ]
12 silly lifecycle agenda-master@1.0.0~back: Returned: code: 1  signal: null
13 info lifecycle agenda-master@1.0.0~back: Failed to exec back script
14 verbose stack Error: agenda-master@1.0.0 back: `json-server --watch db.json --port 3001`
14 verbose stack Exit status 1
14 verbose stack     at EventEmitter.<anonymous> (/usr/lib/node_modules/npm/lib/utils/lifecycle.js:255:16)
14 verbose stack     at emitTwo (events.js:106:13)
14 verbose stack     at EventEmitter.emit (events.js:191:7)
14 verbose stack     at ChildProcess.<anonymous> (/usr/lib/node_modules/npm/lib/utils/spawn.js:40:14)
14 verbose stack     at emitTwo (events.js:106:13)
14 verbose stack     at ChildProcess.emit (events.js:191:7)
14 verbose stack     at maybeClose (internal/child_process.js:920:16)
14 verbose stack     at Process.ChildProcess._handle.onexit (internal/child_process.js:230:5)
15 verbose pkgid agenda-master@1.0.0
16 verbose cwd /home/web7371/workspace/agenda-master
17 error Linux 4.4.0-112-generic
18 error argv "/usr/bin/node" "/usr/bin/npm" "run" "back"
19 error node v6.12.3
20 error npm  v3.10.10
21 error code ELIFECYCLE
22 error agenda-master@1.0.0 back: `json-server --watch db.json --port 3001`
22 error Exit status 1
23 error Failed at the agenda-master@1.0.0 back script 'json-server --watch db.json --port 3001'.
23 error Make sure you have the latest version of node.js and npm installed.
23 error If you do, this is most likely a problem with the agenda-master package,
23 error not with npm itself.
23 error Tell the author that this fails on your system:
23 error     json-server --watch db.json --port 3001
23 error You can get information on how to open an issue for this project with:
23 error     npm bugs agenda-master
23 error Or if that isn't available, you can get their info via:
23 error     npm owner ls agenda-master
23 error There is likely additional logging output above.
24 verbose exit [ 1, true ]
